#-----------------------------------------------------------
# Vivado v2019.1 (64-bit)
# SW Build 2552052 on Fri May 24 14:49:42 MDT 2019
# IP Build 2548770 on Fri May 24 18:01:18 MDT 2019
# Start of session at: Tue Feb 18 15:48:29 2020
# Process ID: 9524
# Current directory: C:/Users/lisha/Desktop/HS/HW/LAB1/EL9453_Hardware_Security_and_Trust-master/AES_DEC/Lab1
# Command line: vivado.exe -gui_launcher_event rodinguilauncherevent19476 C:\Users\lisha\Desktop\HS\HW\LAB1\EL9453_Hardware_Security_and_Trust-master\AES_DEC\Lab1\aes_test.xpr
# Log file: C:/Users/lisha/Desktop/HS/HW/LAB1/EL9453_Hardware_Security_and_Trust-master/AES_DEC/Lab1/vivado.log
# Journal file: C:/Users/lisha/Desktop/HS/HW/LAB1/EL9453_Hardware_Security_and_Trust-master/AES_DEC/Lab1\vivado.jou
#-----------------------------------------------------------
start_gui
open_project C:/Users/lisha/Desktop/HS/HW/LAB1/EL9453_Hardware_Security_and_Trust-master/AES_DEC/Lab1/aes_test.xpr
INFO: [ProjectBase 1-489] The host OS only allows 260 characters in a normal path. The project is stored in a path with more than 80 characters. If you experience issues with IP, Block Designs, or files not being found, please consider moving the project to a location with a shorter path. Alternately consider using the OS subst command to map part of the path to a drive letter.
Current project path is 'C:/Users/lisha/Desktop/HS/HW/LAB1/EL9453_Hardware_Security_and_Trust-master/AES_DEC/Lab1'
INFO: [Project 1-313] Project file moved from 'C:/Users/lisha/Desktop/HS/HW/LAB1/EL9453_Hardware_Security_and_Trust-master/EL9453_Hardware_Security_and_Trust-master/Lab1' since last save.
Scanning sources...
Finished scanning sources
WARNING: [filemgmt 56-3] IP Repository Path: Could not find the directory 'C:/Users/lisha/Desktop/HS/HW/LAB1/EL9453_Hardware_Security_and_Trust-master/homework/tiny-AES-c'.
INFO: [IP_Flow 19-234] Refreshing IP repositories
WARNING: [IP_Flow 19-2248] Failed to load user IP repository 'c:/Users/lisha/Desktop/HS/HW/LAB1/EL9453_Hardware_Security_and_Trust-master/homework/tiny-AES-c'; Can't find the specified path.
If this directory should no longer be in your list of user repositories, go to the IP Settings dialog and remove it.
INFO: [IP_Flow 19-2313] Loaded Vivado IP repository 'C:/Xilinx/Vivado/2019.1/data/ip'.
open_project: Time (s): cpu = 00:00:20 ; elapsed = 00:00:09 . Memory (MB): peak = 844.461 ; gain = 165.996
update_compile_order -fileset sources_1
open_hw
connect_hw_server
INFO: [Labtools 27-2285] Connecting to hw_server url TCP:localhost:3121
INFO: [Labtools 27-2222] Launching hw_server...
INFO: [Labtools 27-2221] Launch Output:

****** Xilinx hw_server v2019.1
  **** Build date : May 24 2019 at 15:13:31
    ** Copyright 1986-2019 Xilinx, Inc. All Rights Reserved.


open_hw_target
INFO: [Labtoolstcl 44-466] Opening hw_target localhost:3121/xilinx_tcf/Digilent/210292ABF676A
set_property PROGRAM.FILE {C:/Users/lisha/Desktop/HS/HW/LAB1/EL9453_Hardware_Security_and_Trust-master/AES_DEC/Lab1/aes_test.runs/impl_1/apatb_Cipher_top.bit} [get_hw_devices xc7a100t_0]
current_hw_device [get_hw_devices xc7a100t_0]
refresh_hw_device -update_hw_probes false [lindex [get_hw_devices xc7a100t_0] 0]
INFO: [Labtools 27-1434] Device xc7a100t (JTAG device index = 0) is programmed with a design that has no supported debug core(s) in it.
close_hw
reset_run impl_1 -prev_step 
launch_runs impl_1 -to_step write_bitstream -jobs 4
[Tue Feb 18 15:58:14 2020] Launched impl_1...
Run output will be captured here: C:/Users/lisha/Desktop/HS/HW/LAB1/EL9453_Hardware_Security_and_Trust-master/AES_DEC/Lab1/aes_test.runs/impl_1/runme.log
exit
INFO: [Common 17-206] Exiting Vivado at Tue Feb 18 17:01:59 2020...
