#-----------------------------------------------------------
# Vivado v2019.1 (64-bit)
# SW Build 2552052 on Fri May 24 14:49:42 MDT 2019
# IP Build 2548770 on Fri May 24 18:01:18 MDT 2019
# Start of session at: Thu Feb 20 14:20:42 2020
# Process ID: 7492
# Current directory: C:/Users/lisha/Desktop/HS/HW/LAB1/EL9453_Hardware_Security_and_Trust-master/AES_DEC/Lab1
# Command line: vivado.exe -gui_launcher_event rodinguilauncherevent18260 C:\Users\lisha\Desktop\HS\HW\LAB1\EL9453_Hardware_Security_and_Trust-master\AES_DEC\Lab1\aes_test.xpr
# Log file: C:/Users/lisha/Desktop/HS/HW/LAB1/EL9453_Hardware_Security_and_Trust-master/AES_DEC/Lab1/vivado.log
# Journal file: C:/Users/lisha/Desktop/HS/HW/LAB1/EL9453_Hardware_Security_and_Trust-master/AES_DEC/Lab1\vivado.jou
#-----------------------------------------------------------
start_gui
open_project C:/Users/lisha/Desktop/HS/HW/LAB1/EL9453_Hardware_Security_and_Trust-master/AES_DEC/Lab1/aes_test.xpr
INFO: [ProjectBase 1-489] The host OS only allows 260 characters in a normal path. The project is stored in a path with more than 80 characters. If you experience issues with IP, Block Designs, or files not being found, please consider moving the project to a location with a shorter path. Alternately consider using the OS subst command to map part of the path to a drive letter.
Current project path is 'C:/Users/lisha/Desktop/HS/HW/LAB1/EL9453_Hardware_Security_and_Trust-master/AES_DEC/Lab1'
Scanning sources...
Finished scanning sources
WARNING: [filemgmt 56-3] IP Repository Path: Could not find the directory 'C:/Users/lisha/Desktop/HS/HW/LAB1/EL9453_Hardware_Security_and_Trust-master/homework/tiny-AES-c'.
INFO: [IP_Flow 19-234] Refreshing IP repositories
WARNING: [IP_Flow 19-2248] Failed to load user IP repository 'c:/Users/lisha/Desktop/HS/HW/LAB1/EL9453_Hardware_Security_and_Trust-master/homework/tiny-AES-c'; Can't find the specified path.
If this directory should no longer be in your list of user repositories, go to the IP Settings dialog and remove it.
INFO: [IP_Flow 19-2313] Loaded Vivado IP repository 'C:/Xilinx/Vivado/2019.1/data/ip'.
open_project: Time (s): cpu = 00:00:26 ; elapsed = 00:00:12 . Memory (MB): peak = 847.672 ; gain = 204.547
update_compile_order -fileset sources_1
exit
INFO: [Common 17-206] Exiting Vivado at Thu Feb 20 14:21:43 2020...
